<?xml version="1.0" encoding="UTF-8" standalone="no"?>
<!DOCTYPE log SYSTEM "logger.dtd">
<log>
<record>
  <date>2019-04-01T17:38:49</date>
  <millis>1554111529748</millis>
  <sequence>0</sequence>
  <level>START</level>
  <class>com.kms.katalon.core.logging.XmlKeywordLogger</class>
  <method>startSuite</method>
  <thread>1</thread>
  <message>Start Test Suite : Test Suites/Client</message>
  <nestedLevel>0</nestedLevel>
  <property name="name">Client</property>
  <property name="description"></property>
  <property name="id">Test Suites/Client</property>
</record>
<record>
  <date>2019-04-01T17:38:49</date>
  <millis>1554111529762</millis>
  <sequence>1</sequence>
  <level>RUN_DATA</level>
  <class>com.kms.katalon.core.logging.XmlKeywordLogger</class>
  <method>logMessage</method>
  <thread>1</thread>
  <message>hostName = thadd - INSPIRON7567</message>
  <nestedLevel>0</nestedLevel>
  <property name="hostName">thadd - INSPIRON7567</property>
</record>
<record>
  <date>2019-04-01T17:38:49</date>
  <millis>1554111529763</millis>
  <sequence>2</sequence>
  <level>RUN_DATA</level>
  <class>com.kms.katalon.core.logging.XmlKeywordLogger</class>
  <method>logMessage</method>
  <thread>1</thread>
  <message>os = Windows 10 64bit</message>
  <nestedLevel>0</nestedLevel>
  <property name="os">Windows 10 64bit</property>
</record>
<record>
  <date>2019-04-01T17:38:49</date>
  <millis>1554111529764</millis>
  <sequence>3</sequence>
  <level>RUN_DATA</level>
  <class>com.kms.katalon.core.logging.XmlKeywordLogger</class>
  <method>logMessage</method>
  <thread>1</thread>
  <message>hostAddress = 192.168.6.1</message>
  <nestedLevel>0</nestedLevel>
  <property name="hostAddress">192.168.6.1</property>
</record>
<record>
  <date>2019-04-01T17:38:49</date>
  <millis>1554111529765</millis>
  <sequence>4</sequence>
  <level>RUN_DATA</level>
  <class>com.kms.katalon.core.logging.XmlKeywordLogger</class>
  <method>logMessage</method>
  <thread>1</thread>
  <message>katalonVersion = 6.1.0.1</message>
  <nestedLevel>0</nestedLevel>
  <property name="katalonVersion">6.1.0.1</property>
</record>
<record>
  <date>2019-04-01T17:38:50</date>
  <millis>1554111530108</millis>
  <sequence>5</sequence>
  <level>START</level>
  <class>com.kms.katalon.core.logging.XmlKeywordLogger</class>
  <method>startTest</method>
  <thread>1</thread>
  <message>Start Test Case : Test Cases/CreateTicket</message>
  <nestedLevel>1</nestedLevel>
  <property name="name">Test Cases/CreateTicket</property>
  <property name="description"></property>
  <property name="id">Test Cases/CreateTicket</property>
  <property name="source">C:\\Users\\thadd\\Dropbox\\_50.003 Software Construction\\conductor_test\\conductor\\Test Cases\\CreateTicket.tc</property>
  <property name="isOptional">false</property>
</record>
<record>
  <date>2019-04-01T17:38:50</date>
  <millis>1554111530669</millis>
  <sequence>7</sequence>
  <level>START</level>
  <class>com.kms.katalon.core.logging.XmlKeywordLogger</class>
  <method>startKeyword</method>
  <thread>1</thread>
  <message>Start action : openBrowser(\&amp;quot;\&amp;quot;)</message>
  <nestedLevel>1</nestedLevel>
  <property name="startLine">16</property>
  <property name="stepIndex">1</property>
</record>
